lalocal/app/build/outputs/logs/manifest-merger-_360-debug-report.txt
-- Merging decision tree log ---
manifest
ADDED from src\main\AndroidManifest.xml:2:1-325:12
	package
		ADDED from src\main\AndroidManifest.xml:3:5-34
		INJECTED from src\main\AndroidManifest.xml
		INJECTED from src\main\AndroidManifest.xml
	android:versionName
		INJECTED from src\main\AndroidManifest.xml
		INJECTED from src\main\AndroidManifest.xml
	xmlns:android
		ADDED from src\main\AndroidManifest.xml:2:11-69
	android:versionCode
		INJECTED from src\main\AndroidManifest.xml
		INJECTED from src\main\AndroidManifest.xml
uses-permission#android.permission.INTERNET
ADDED from src\main\AndroidManifest.xml:5:5-67
MERGED from [com.crashlytics.sdk.android:crashlytics:2.5.7] AndroidManifest.xml:9:5-67
MERGED from [com.crashlytics.sdk.android:beta:1.1.6] AndroidManifest.xml:9:5-67
MERGED from [io.fabric.sdk.android:fabric:1.3.12] AndroidManifest.xml:25:5-67
MERGED from [com.crashlytics.sdk.android:answers:1.3.8] AndroidManifest.xml:9:5-67
MERGED from [com.crashlytics.sdk.android:crashlytics-core:2.3.10] AndroidManifest.xml:9:5-67
MERGED from [com.bugtags.library:bugtags-lib:1.3.3] AndroidManifest.xml:13:5-67
MERGED from [com.daimajia.slider:library:1.1.5] AndroidManifest.xml:11:5-67
	android:name
		ADDED from src\main\AndroidManifest.xml:5:22-64
uses-permission#android.permission.ACCESS_NETWORK_STATE
ADDED from src\main\AndroidManifest.xml:6:5-79
MERGED from [com.bugtags.library:bugtags-lib:1.3.3] AndroidManifest.xml:15:5-79
	android:name
		ADDED from src\main\AndroidManifest.xml:6:22-76
uses-permission#android.permission.ACCESS_WIFI_STATE
ADDED from src\main\AndroidManifest.xml:7:5-76
MERGED from [com.bugtags.library:bugtags-lib:1.3.3] AndroidManifest.xml:14:5-76
	android:name
		ADDED from src\main\AndroidManifest.xml:7:22-73
uses-permission#android.permission.READ_EXTERNAL_STORAGE
ADDED from src\main\AndroidManifest.xml:8:5-80
MERGED from [com.bugtags.library:bugtags-lib:1.3.3] AndroidManifest.xml:17:5-80
	android:name
		ADDED from src\main\AndroidManifest.xml:8:22-77
uses-permission#android.permission.WRITE_EXTERNAL_STORAGE
ADDED from src\main\AndroidManifest.xml:9:5-81
MERGED from [com.bugtags.library:bugtags-lib:1.3.3] AndroidManifest.xml:16:5-81
MERGED from [com.daimajia.slider:library:1.1.5] AndroidManifest.xml:12:5-81
	android:name
		ADDED from src\main\AndroidManifest.xml:9:22-78
uses-permission#android.permission.READ_PHONE_STATE
ADDED from src\main\AndroidManifest.xml:10:5-75
	android:name
		ADDED from src\main\AndroidManifest.xml:10:22-72
uses-permission#android.permission.SYSTEM_ALERT_WINDOW
ADDED from src\main\AndroidManifest.xml:11:5-78
MERGED from [com.bugtags.library:bugtags-lib:1.3.3] AndroidManifest.xml:19:5-78
	android:name
		ADDED from src\main\AndroidManifest.xml:11:22-75
uses-permission#android.permission.GET_TASKS
ADDED from src\main\AndroidManifest.xml:13:5-68
	android:name
		ADDED from src\main\AndroidManifest.xml:13:22-65
uses-permission#android.permission.CHANGE_WIFI_STATE
ADDED from src\main\AndroidManifest.xml:14:5-76
	android:name
		ADDED from src\main\AndroidManifest.xml:14:22-73
uses-permission#android.permission.MANAGE_ACCOUNTS
ADDED from src\main\AndroidManifest.xml:15:5-74
	android:name
		ADDED from src\main\AndroidManifest.xml:15:22-71
uses-permission#android.permission.GET_ACCOUNTS
ADDED from src\main\AndroidManifest.xml:16:5-71
	android:name
		ADDED from src\main\AndroidManifest.xml:16:22-68
uses-permission#android.permission.READ_LOGS
ADDED from src\main\AndroidManifest.xml:17:5-68
MERGED from [com.bugtags.library:bugtags-lib:1.3.3] AndroidManifest.xml:18:5-68
	android:name
		ADDED from src\main\AndroidManifest.xml:17:22-65
uses-permission#android.permission.ACCESS_FINE_LOCATION
ADDED from src\main\AndroidManifest.xml:18:5-79
MERGED from [com.bugtags.library:bugtags-lib:1.3.3] AndroidManifest.xml:11:5-79
	android:name
		ADDED from src\main\AndroidManifest.xml:18:22-76
uses-permission#android.permission.ACCESS_COARSE_LOCATION
ADDED from src\main\AndroidManifest.xml:19:5-81
MERGED from [com.bugtags.library:bugtags-lib:1.3.3] AndroidManifest.xml:12:5-81
	android:name
		ADDED from src\main\AndroidManifest.xml:19:22-78
uses-permission#android.permission.USE_CREDENTIALS
ADDED from src\main\AndroidManifest.xml:20:5-74
	android:name
		ADDED from src\main\AndroidManifest.xml:20:22-71
uses-permission#android.permission.ACCESS_LOCATION_EXTRA_COMMANDS
ADDED from src\main\AndroidManifest.xml:22:5-89
	android:name
		ADDED from src\main\AndroidManifest.xml:22:22-86
uses-permission#android.permission.VIBRATE
ADDED from src\main\AndroidManifest.xml:24:5-66
	android:name
		ADDED from src\main\AndroidManifest.xml:24:22-63
uses-permission#android.permission.RECORD_AUDIO
ADDED from src\main\AndroidManifest.xml:25:5-71
	android:name
		ADDED from src\main\AndroidManifest.xml:25:22-68
uses-permission#android.permission.CAMERA
ADDED from src\main\AndroidManifest.xml:26:5-65
	android:name
		ADDED from src\main\AndroidManifest.xml:26:22-62
uses-permission#android.permission.MOUNT_UNMOUNT_FILESYSTEMS
ADDED from src\main\AndroidManifest.xml:28:5-84
	android:name
		ADDED from src\main\AndroidManifest.xml:28:22-81
uses-permission#android.permission.MODIFY_AUDIO_SETTINGS
ADDED from src\main\AndroidManifest.xml:29:5-80
	android:name
		ADDED from src\main\AndroidManifest.xml:29:22-77
uses-permission#android.permission.RECEIVE_BOOT_COMPLETED
ADDED from src\main\AndroidManifest.xml:31:5-81
	android:name
		ADDED from src\main\AndroidManifest.xml:31:22-78
uses-permission#android.permission.AUTHENTICATE_ACCOUNTS
ADDED from src\main\AndroidManifest.xml:32:5-80
	android:name
		ADDED from src\main\AndroidManifest.xml:32:22-77
uses-permission#com.android.launcher.permission.READ_SETTINGS
ADDED from src\main\AndroidManifest.xml:33:5-85
	android:name
		ADDED from src\main\AndroidManifest.xml:33:22-82
uses-permission#android.permission.BROADCAST_STICKY
ADDED from src\main\AndroidManifest.xml:34:5-75
	android:name
		ADDED from src\main\AndroidManifest.xml:34:22-72
uses-permission#android.permission.WRITE_SETTINGS
ADDED from src\main\AndroidManifest.xml:35:5-73
	android:name
		ADDED from src\main\AndroidManifest.xml:35:22-70
uses-permission#com.google.android.c2dm.permission.RECEIVE
ADDED from src\main\AndroidManifest.xml:36:5-82
	android:name
		ADDED from src\main\AndroidManifest.xml:36:22-79
uses-permission#android.permission.NFC
ADDED from src\main\AndroidManifest.xml:37:5-62
	android:name
		ADDED from src\main\AndroidManifest.xml:37:22-59
uses-permission#android.permission.FLASHLIGHT
ADDED from src\main\AndroidManifest.xml:40:5-69
	android:name
		ADDED from src\main\AndroidManifest.xml:40:22-66
uses-permission#android.permission.WAKE_LOCK
ADDED from src\main\AndroidManifest.xml:41:5-67
	android:name
		ADDED from src\main\AndroidManifest.xml:41:22-65
uses-feature#android.hardware.camera
ADDED from src\main\AndroidManifest.xml:43:5-60
	android:name
		ADDED from src\main\AndroidManifest.xml:43:19-57
uses-feature#android.hardware.camera.autofocus
ADDED from src\main\AndroidManifest.xml:44:5-70
	android:name
		ADDED from src\main\AndroidManifest.xml:44:19-67
uses-feature#0x00020000
ADDED from src\main\AndroidManifest.xml:45:5-47:35
	android:glEsVersion
		ADDED from src\main\AndroidManifest.xml:46:9-41
	android:required
		ADDED from src\main\AndroidManifest.xml:47:9-32
permission#com.lalocal.lalocal.permission.RECEIVE_MSG
ADDED from src\main\AndroidManifest.xml:49:5-51:47
	android:protectionLevel
		ADDED from src\main\AndroidManifest.xml:51:9-44
	android:name
		ADDED from src\main\AndroidManifest.xml:50:9-66
uses-permission#com.lalocal.lalocal.permission.RECEIVE_MSG
ADDED from src\main\AndroidManifest.xml:53:5-82
	android:name
		ADDED from src\main\AndroidManifest.xml:53:22-79
uses-permission#android.permission.SET_DEBUG_APP
ADDED from src\main\AndroidManifest.xml:57:5-72
	android:name
		ADDED from src\main\AndroidManifest.xml:57:22-69
application
ADDED from src\main\AndroidManifest.xml:63:5-323:19
MERGED from [com.google.android.gms:play-services-appindexing:8.1.0] AndroidManifest.xml:19:5-20
MERGED from [com.google.android.gms:play-services-basement:8.1.0] AndroidManifest.xml:20:5-24:19
MERGED from [com.android.support:support-v4:24.2.0] AndroidManifest.xml:25:5-20
MERGED from [com.android.support:support-compat:24.2.0] AndroidManifest.xml:25:5-20
MERGED from [com.android.support:support-core-utils:24.2.0] AndroidManifest.xml:25:5-20
MERGED from [com.android.support:support-media-compat:24.2.0] AndroidManifest.xml:25:5-20
MERGED from [com.android.support:support-core-ui:24.2.0] AndroidManifest.xml:25:5-20
MERGED from [com.android.support:support-fragment:24.2.0] AndroidManifest.xml:25:5-20
MERGED from [com.crashlytics.sdk.android:crashlytics:2.5.7] AndroidManifest.xml:11:5-20
MERGED from [com.crashlytics.sdk.android:beta:1.1.6] AndroidManifest.xml:11:5-20
MERGED from [io.fabric.sdk.android:fabric:1.3.12] AndroidManifest.xml:27:5-20
MERGED from [com.crashlytics.sdk.android:answers:1.3.8] AndroidManifest.xml:11:5-20
MERGED from [com.crashlytics.sdk.android:crashlytics-core:2.3.10] AndroidManifest.xml:11:5-20
MERGED from [org.litepal.android:core:1.3.2] AndroidManifest.xml:11:5-14:19
MERGED from [lalocal:wkvideoplayer:unspecified] AndroidManifest.xml:11:5-14:19
MERGED from [lalocal:shinebuttonlib:unspecified] AndroidManifest.xml:11:5-15:19
MERGED from [com.android.support:appcompat-v7:24.2.0] AndroidManifest.xml:25:5-20
MERGED from [com.android.support:support-vector-drawable:24.2.0] AndroidManifest.xml:23:5-20
MERGED from [com.android.support:animated-vector-drawable:24.2.0] AndroidManifest.xml:22:5-20
MERGED from [com.daasuu:EasingInterpolator:1.0.0] AndroidManifest.xml:11:5-15:19
MERGED from [de.hdodenhof:circleimageview:2.1.0] AndroidManifest.xml:9:5-20
MERGED from [com.android.support:cardview-v7:24.2.0] AndroidManifest.xml:22:5-20
MERGED from [lalocal:gifviewlibrary:unspecified] AndroidManifest.xml:11:5-15:19
MERGED from [com.jcodecraeer:xrecyclerview:1.2.7] AndroidManifest.xml:11:5-20
MERGED from [com.bugtags.library:bugtags-lib:1.3.3] AndroidManifest.xml:21:5-34:19
MERGED from [in.srain.cube:ultra-ptr:1.0.11] AndroidManifest.xml:11:5-20
MERGED from [com.chanven.lib:cptr:1.1.0] AndroidManifest.xml:11:5-14:19
MERGED from [:videoprp:] AndroidManifest.xml:11:5-20
	android:label
		ADDED from src\main\AndroidManifest.xml:67:9-41
	android:supportsRtl
		ADDED from src\main\AndroidManifest.xml:69:9-35
	android:hardwareAccelerated
		ADDED from src\main\AndroidManifest.xml:70:9-43
	android:allowBackup
		ADDED from src\main\AndroidManifest.xml:65:9-35
	android:icon
		ADDED from src\main\AndroidManifest.xml:66:9-36
	android:largeHeap
		ADDED from src\main\AndroidManifest.xml:68:9-33
	android:theme
		ADDED from src\main\AndroidManifest.xml:71:9-65
	android:name
		ADDED from src\main\AndroidManifest.xml:64:9-38
activity#com.lalocal.lalocal.activity.HomeActivity
ADDED from src\main\AndroidManifest.xml:72:9-74:52
	android:screenOrientation
		ADDED from src\main\AndroidManifest.xml:74:13-49
	android:name
		ADDED from src\main\AndroidManifest.xml:73:13-50
activity#com.lalocal.lalocal.activity.LoginActivity
ADDED from src\main\AndroidManifest.xml:75:9-77:52
	android:screenOrientation
		ADDED from src\main\AndroidManifest.xml:77:13-49
	android:name
		ADDED from src\main\AndroidManifest.xml:76:13-51
activity#com.lalocal.lalocal.activity.RegisterActivity
ADDED from src\main\AndroidManifest.xml:78:9-80:52
	android:screenOrientation
		ADDED from src\main\AndroidManifest.xml:80:13-49
	android:name
		ADDED from src\main\AndroidManifest.xml:79:13-54
activity#com.lalocal.lalocal.activity.PasswordForget2Activity
ADDED from src\main\AndroidManifest.xml:81:9-83:52
	android:screenOrientation
		ADDED from src\main\AndroidManifest.xml:83:13-49
	android:name
		ADDED from src\main\AndroidManifest.xml:82:13-61
activity#com.lalocal.lalocal.activity.UserProtocolActivity
ADDED from src\main\AndroidManifest.xml:84:9-86:52
	android:screenOrientation
		ADDED from src\main\AndroidManifest.xml:86:13-49
	android:name
		ADDED from src\main\AndroidManifest.xml:85:13-58
activity#com.lalocal.lalocal.activity.PasswordForget1Activity
ADDED from src\main\AndroidManifest.xml:87:9-89:52
	android:screenOrientation
		ADDED from src\main\AndroidManifest.xml:89:13-49
	android:name
		ADDED from src\main\AndroidManifest.xml:88:13-61
activity#com.lalocal.lalocal.activity.SettingActivity
ADDED from src\main\AndroidManifest.xml:90:9-92:52
	android:screenOrientation
		ADDED from src\main\AndroidManifest.xml:92:13-49
	android:name
		ADDED from src\main\AndroidManifest.xml:91:13-53
activity#com.lalocal.lalocal.activity.AccountEidt1Activity
ADDED from src\main\AndroidManifest.xml:93:9-95:52
	android:screenOrientation
		ADDED from src\main\AndroidManifest.xml:95:13-49
	android:name
		ADDED from src\main\AndroidManifest.xml:94:13-58
activity#com.lalocal.lalocal.activity.AboutUsActivity
ADDED from src\main\AndroidManifest.xml:96:9-98:52
	android:screenOrientation
		ADDED from src\main\AndroidManifest.xml:98:13-49
	android:name
		ADDED from src\main\AndroidManifest.xml:97:13-53
activity#com.lalocal.lalocal.activity.AccountEidt2Activity
ADDED from src\main\AndroidManifest.xml:99:9-101:52
	android:screenOrientation
		ADDED from src\main\AndroidManifest.xml:101:13-49
	android:name
		ADDED from src\main\AndroidManifest.xml:100:13-58
activity#com.lalocal.lalocal.activity.EmailBoundActivity
ADDED from src\main\AndroidManifest.xml:102:9-104:52
	android:screenOrientation
		ADDED from src\main\AndroidManifest.xml:104:13-49
	android:name
		ADDED from src\main\AndroidManifest.xml:103:13-56
activity#com.lalocal.lalocal.activity.SpecialDetailsActivity
ADDED from src\main\AndroidManifest.xml:105:9-107:52
	android:screenOrientation
		ADDED from src\main\AndroidManifest.xml:107:13-49
	android:name
		ADDED from src\main\AndroidManifest.xml:106:13-60
activity#com.lalocal.lalocal.activity.BigPictureActivity
ADDED from src\main\AndroidManifest.xml:108:9-110:52
	android:screenOrientation
		ADDED from src\main\AndroidManifest.xml:110:13-49
	android:name
		ADDED from src\main\AndroidManifest.xml:109:13-56
activity#com.lalocal.lalocal.activity.ArticleActivity
ADDED from src\main\AndroidManifest.xml:111:9-113:52
	android:screenOrientation
		ADDED from src\main\AndroidManifest.xml:113:13-49
	android:name
		ADDED from src\main\AndroidManifest.xml:112:13-53
activity#com.lalocal.lalocal.activity.ProductDetailsActivity
ADDED from src\main\AndroidManifest.xml:114:9-116:52
	android:screenOrientation
		ADDED from src\main\AndroidManifest.xml:116:13-49
	android:name
		ADDED from src\main\AndroidManifest.xml:115:13-60
activity#com.lalocal.lalocal.activity.ProductCheckDetailActivity
ADDED from src\main\AndroidManifest.xml:117:9-119:52
	android:screenOrientation
		ADDED from src\main\AndroidManifest.xml:119:13-49
	android:name
		ADDED from src\main\AndroidManifest.xml:118:13-64
activity#com.lalocal.lalocal.activity.CarouselFigureActivity
ADDED from src\main\AndroidManifest.xml:120:9-122:52
	android:screenOrientation
		ADDED from src\main\AndroidManifest.xml:122:13-49
	android:name
		ADDED from src\main\AndroidManifest.xml:121:13-60
activity#com.lalocal.lalocal.activity.OrderActivity
ADDED from src\main\AndroidManifest.xml:123:9-60
	android:name
		ADDED from src\main\AndroidManifest.xml:123:19-57
activity#com.lalocal.lalocal.activity.ArticleTestAct
ADDED from src\main\AndroidManifest.xml:124:9-61
	android:name
		ADDED from src\main\AndroidManifest.xml:124:19-58
activity#com.lalocal.lalocal.activity.SplashActivity
ADDED from src\main\AndroidManifest.xml:125:9-133:20
	android:theme
		ADDED from src\main\AndroidManifest.xml:127:13-47
	android:name
		ADDED from src\main\AndroidManifest.xml:126:13-52
intent-filter#android.intent.action.MAIN+android.intent.category.LAUNCHER
ADDED from src\main\AndroidManifest.xml:128:13-132:29
action#android.intent.action.MAIN
ADDED from src\main\AndroidManifest.xml:129:17-69
	android:name
		ADDED from src\main\AndroidManifest.xml:129:25-66
category#android.intent.category.LAUNCHER
ADDED from src\main\AndroidManifest.xml:131:17-77
	android:name
		ADDED from src\main\AndroidManifest.xml:131:27-74
activity#com.lalocal.lalocal.live.entertainment.activity.TestActivity
ADDED from src\main\AndroidManifest.xml:134:9-78
	android:name
		ADDED from src\main\AndroidManifest.xml:134:19-75
activity#com.umeng.socialize.editorpage.ShareActivity
ADDED from src\main\AndroidManifest.xml:136:9-139:54
	android:excludeFromRecents
		ADDED from src\main\AndroidManifest.xml:138:13-46
	android:theme
		ADDED from src\main\AndroidManifest.xml:139:13-51
	android:name
		ADDED from src\main\AndroidManifest.xml:137:13-72
meta-data#UMENG_APPKEY
ADDED from src\main\AndroidManifest.xml:141:9-143:56
	android:value
		ADDED from src\main\AndroidManifest.xml:143:13-53
	android:name
		ADDED from src\main\AndroidManifest.xml:142:13-40
activity#com.lalocal.lalocal.wxapi.WXEntryActivity
ADDED from src\main\AndroidManifest.xml:145:9-150:75
	android:screenOrientation
		ADDED from src\main\AndroidManifest.xml:149:13-49
	android:exported
		ADDED from src\main\AndroidManifest.xml:148:13-36
	android:configChanges
		ADDED from src\main\AndroidManifest.xml:147:13-74
	android:theme
		ADDED from src\main\AndroidManifest.xml:150:13-72
	android:name
		ADDED from src\main\AndroidManifest.xml:146:13-50
activity#com.lalocal.lalocal.WBShareActivity
ADDED from src\main\AndroidManifest.xml:151:9-160:20
	android:screenOrientation
		ADDED from src\main\AndroidManifest.xml:154:13-49
	android:configChanges
		ADDED from src\main\AndroidManifest.xml:153:13-63
	android:name
		ADDED from src\main\AndroidManifest.xml:152:13-44
intent-filter#android.intent.category.DEFAULT+com.sina.weibo.sdk.action.ACTION_SDK_REQ_ACTIVITY
ADDED from src\main\AndroidManifest.xml:155:13-159:29
action#com.sina.weibo.sdk.action.ACTION_SDK_REQ_ACTIVITY
ADDED from src\main\AndroidManifest.xml:156:17-92
	android:name
		ADDED from src\main\AndroidManifest.xml:156:25-89
category#android.intent.category.DEFAULT
ADDED from src\main\AndroidManifest.xml:158:17-76
	android:name
		ADDED from src\main\AndroidManifest.xml:158:27-73
activity#com.sina.weibo.sdk.component.WeiboSdkBrowser
ADDED from src\main\AndroidManifest.xml:161:9-165:58
	android:exported
		ADDED from src\main\AndroidManifest.xml:164:13-37
	android:windowSoftInputMode
		ADDED from src\main\AndroidManifest.xml:165:13-55
	android:configChanges
		ADDED from src\main\AndroidManifest.xml:163:13-63
	android:name
		ADDED from src\main\AndroidManifest.xml:162:13-72
service#com.sina.weibo.sdk.net.DownloadService
ADDED from src\main\AndroidManifest.xml:167:9-169:40
	android:exported
		ADDED from src\main\AndroidManifest.xml:169:13-37
	android:name
		ADDED from src\main\AndroidManifest.xml:168:13-66
activity#com.lalocal.lalocal.activity.TravelPersonActivity
ADDED from src\main\AndroidManifest.xml:171:9-67
	android:name
		ADDED from src\main\AndroidManifest.xml:171:19-64
activity#com.lalocal.lalocal.activity.BaseActivity
ADDED from src\main\AndroidManifest.xml:172:9-59
	android:name
		ADDED from src\main\AndroidManifest.xml:172:19-56
meta-data#io.fabric.ApiKey
ADDED from src\main\AndroidManifest.xml:174:9-176:72
	android:value
		ADDED from src\main\AndroidManifest.xml:176:13-69
	android:name
		ADDED from src\main\AndroidManifest.xml:175:13-44
activity#com.lalocal.lalocal.activity.EmptActivity
ADDED from src\main\AndroidManifest.xml:178:9-59
	android:name
		ADDED from src\main\AndroidManifest.xml:178:19-56
meta-data#UMENG_CHANNEL
ADDED from src\main\AndroidManifest.xml:180:9-182:43
	android:value
		ADDED from src\main\AndroidManifest.xml:182:13-40
		INJECTED from src\main\AndroidManifest.xml
	android:name
		ADDED from src\main\AndroidManifest.xml:181:13-41
meta-data#com.amap.api.v2.apikey
ADDED from src\main\AndroidManifest.xml:183:9-185:64
	android:value
		ADDED from src\main\AndroidManifest.xml:185:13-61
	android:name
		ADDED from src\main\AndroidManifest.xml:184:13-50
service#com.amap.api.location.APSService
ADDED from src\main\AndroidManifest.xml:187:9-68
	android:name
		ADDED from src\main\AndroidManifest.xml:187:18-65
activity#com.lalocal.lalocal.activity.SearchActivity
ADDED from src\main\AndroidManifest.xml:189:9-61
	android:name
		ADDED from src\main\AndroidManifest.xml:189:19-58
activity#com.lalocal.lalocal.test.TestActivity
ADDED from src\main\AndroidManifest.xml:190:9-55
	android:name
		ADDED from src\main\AndroidManifest.xml:190:19-52
activity#com.lalocal.lalocal.activity.DestinationAreaActivity
ADDED from src\main\AndroidManifest.xml:191:9-70
	android:name
		ADDED from src\main\AndroidManifest.xml:191:19-67
activity#com.lalocal.lalocal.activity.RouteDetailActivity
ADDED from src\main\AndroidManifest.xml:192:9-66
	android:name
		ADDED from src\main\AndroidManifest.xml:192:19-63
meta-data#EASEMOB_APPKEY
ADDED from src\main\AndroidManifest.xml:194:9-196:47
	android:value
		ADDED from src\main\AndroidManifest.xml:196:13-44
	android:name
		ADDED from src\main\AndroidManifest.xml:195:13-42
service#com.easemob.chat.EMChatService
ADDED from src\main\AndroidManifest.xml:198:9-66
	android:name
		ADDED from src\main\AndroidManifest.xml:198:18-63
activity#com.lalocal.lalocal.easemob.ui.ChatActivity
ADDED from src\main\AndroidManifest.xml:202:9-205:70
	android:screenOrientation
		ADDED from src\main\AndroidManifest.xml:204:13-49
	android:windowSoftInputMode
		ADDED from src\main\AndroidManifest.xml:205:13-67
	android:name
		ADDED from src\main\AndroidManifest.xml:203:13-52
activity#com.easemob.easeui.ui.EaseShowBigImageActivity
ADDED from src\main\AndroidManifest.xml:208:9-211:55
	android:screenOrientation
		ADDED from src\main\AndroidManifest.xml:210:13-49
	android:theme
		ADDED from src\main\AndroidManifest.xml:211:13-52
	android:name
		ADDED from src\main\AndroidManifest.xml:209:13-74
activity#com.easemob.easeui.ui.EaseShowNormalFileActivity
ADDED from src\main\AndroidManifest.xml:213:9-216:55
	android:screenOrientation
		ADDED from src\main\AndroidManifest.xml:215:13-49
	android:theme
		ADDED from src\main\AndroidManifest.xml:216:13-52
	android:name
		ADDED from src\main\AndroidManifest.xml:214:13-76
activity#com.lalocal.lalocal.activity.BookActivity
ADDED from src\main\AndroidManifest.xml:217:9-59
	android:name
		ADDED from src\main\AndroidManifest.xml:217:19-56
activity#com.lalocal.lalocal.activity.PayActivity
ADDED from src\main\AndroidManifest.xml:218:9-58
	android:name
		ADDED from src\main\AndroidManifest.xml:218:19-55
activity#com.pingplusplus.android.PaymentActivity
ADDED from src\main\AndroidManifest.xml:222:9-226:75
	android:launchMode
		ADDED from src\main\AndroidManifest.xml:225:13-43
	android:configChanges
		ADDED from src\main\AndroidManifest.xml:224:13-85
	android:theme
		ADDED from src\main\AndroidManifest.xml:226:13-72
	android:name
		ADDED from src\main\AndroidManifest.xml:223:13-68
activity-alias#com.lalocal.lalocal.wxapi.WXPayEntryActivity
ADDED from src\main\AndroidManifest.xml:229:9-232:81
	android:exported
		ADDED from src\main\AndroidManifest.xml:231:13-36
	android:targetActivity
		ADDED from src\main\AndroidManifest.xml:232:13-78
	android:name
		ADDED from src\main\AndroidManifest.xml:230:13-53
activity#com.alipay.sdk.app.H5PayActivity
ADDED from src\main\AndroidManifest.xml:235:9-239:50
	android:screenOrientation
		ADDED from src\main\AndroidManifest.xml:239:13-47
	android:exported
		ADDED from src\main\AndroidManifest.xml:238:13-37
	android:configChanges
		ADDED from src\main\AndroidManifest.xml:237:13-85
	android:name
		ADDED from src\main\AndroidManifest.xml:236:13-60
activity#com.alipay.sdk.auth.AuthActivity
ADDED from src\main\AndroidManifest.xml:240:9-245:68
	android:screenOrientation
		ADDED from src\main\AndroidManifest.xml:244:13-47
	android:exported
		ADDED from src\main\AndroidManifest.xml:243:13-37
	android:windowSoftInputMode
		ADDED from src\main\AndroidManifest.xml:245:13-65
	android:configChanges
		ADDED from src\main\AndroidManifest.xml:242:13-85
	android:name
		ADDED from src\main\AndroidManifest.xml:241:13-60
activity#com.unionpay.uppay.PayActivity
ADDED from src\main\AndroidManifest.xml:248:9-250:88
	android:configChanges
		ADDED from src\main\AndroidManifest.xml:250:13-85
	android:name
		ADDED from src\main\AndroidManifest.xml:249:13-58
service#com.lalocal.lalocal.service.NetInfoService
ADDED from src\main\AndroidManifest.xml:254:9-59
	android:name
		ADDED from src\main\AndroidManifest.xml:254:18-56
service#com.lalocal.lalocal.service.MixAudioService
ADDED from src\main\AndroidManifest.xml:256:9-60
	android:name
		ADDED from src\main\AndroidManifest.xml:256:18-57
service#com.lalocal.lalocal.service.AlertService
ADDED from src\main\AndroidManifest.xml:258:9-57
	android:name
		ADDED from src\main\AndroidManifest.xml:258:18-54
receiver#com.netease.pushservice.receiver.PushServiceBootReceiver
ADDED from src\main\AndroidManifest.xml:260:9-264:20
	android:name
		ADDED from src\main\AndroidManifest.xml:260:19-90
intent-filter#android.intent.action.ACTION_BATTERY_CHANGED
ADDED from src\main\AndroidManifest.xml:261:13-263:29
action#android.intent.action.ACTION_BATTERY_CHANGED
ADDED from src\main\AndroidManifest.xml:262:17-87
	android:name
		ADDED from src\main\AndroidManifest.xml:262:25-84
meta-data#com.netease.nim.appKey
ADDED from src\main\AndroidManifest.xml:266:9-268:64
	android:value
		ADDED from src\main\AndroidManifest.xml:268:13-61
	android:name
		ADDED from src\main\AndroidManifest.xml:267:13-50
service#com.netease.nimlib.service.NimService
ADDED from src\main\AndroidManifest.xml:270:9-272:39
	android:process
		ADDED from src\main\AndroidManifest.xml:272:13-36
	android:name
		ADDED from src\main\AndroidManifest.xml:271:13-65
service#com.netease.nimlib.service.NimService$Aux
ADDED from src\main\AndroidManifest.xml:273:9-275:39
	android:process
		ADDED from src\main\AndroidManifest.xml:275:13-36
	android:name
		ADDED from src\main\AndroidManifest.xml:274:13-69
receiver#com.netease.nimlib.service.NimReceiver
ADDED from src\main\AndroidManifest.xml:278:9-286:20
	android:process
		ADDED from src\main\AndroidManifest.xml:281:13-36
	android:exported
		ADDED from src\main\AndroidManifest.xml:280:13-37
	android:name
		ADDED from src\main\AndroidManifest.xml:279:13-66
intent-filter#android.intent.action.BOOT_COMPLETED+android.net.conn.CONNECTIVITY_CHANGE
ADDED from src\main\AndroidManifest.xml:282:13-285:29
action#android.intent.action.BOOT_COMPLETED
ADDED from src\main\AndroidManifest.xml:283:17-79
	android:name
		ADDED from src\main\AndroidManifest.xml:283:25-76
action#android.net.conn.CONNECTIVITY_CHANGE
ADDED from src\main\AndroidManifest.xml:284:17-79
	android:name
		ADDED from src\main\AndroidManifest.xml:284:25-76
receiver#com.netease.nimlib.service.ResponseReceiver
ADDED from src\main\AndroidManifest.xml:289:9-80
	android:name
		ADDED from src\main\AndroidManifest.xml:289:19-77
activity#com.lalocal.lalocal.live.entertainment.activity.AudienceActivity
ADDED from src\main\AndroidManifest.xml:291:9-295:15
	android:hardwareAccelerated
		ADDED from src\main\AndroidManifest.xml:293:13-48
	android:name
		ADDED from src\main\AndroidManifest.xml:292:13-73
activity#com.lalocal.lalocal.live.entertainment.activity.LiveActivity
ADDED from src\main\AndroidManifest.xml:296:9-301:15
	android:hardwareAccelerated
		ADDED from src\main\AndroidManifest.xml:298:13-48
	android:name
		ADDED from src\main\AndroidManifest.xml:297:13-69
activity#com.lalocal.lalocal.live.entertainment.activity.LiveHomePageActivity
ADDED from src\main\AndroidManifest.xml:303:9-306:20
	android:name
		ADDED from src\main\AndroidManifest.xml:303:19-83
activity#com.lalocal.lalocal.live.entertainment.activity.LiveAttentionOrFansActivity
ADDED from src\main\AndroidManifest.xml:307:9-311:75
	android:hardwareAccelerated
		ADDED from src\main\AndroidManifest.xml:309:13-48
	android:windowSoftInputMode
		ADDED from src\main\AndroidManifest.xml:311:13-72
	android:name
		ADDED from src\main\AndroidManifest.xml:308:13-84
activity#com.lalocal.lalocal.activity.PayCompleteActivity
ADDED from src\main\AndroidManifest.xml:312:9-66
	android:name
		ADDED from src\main\AndroidManifest.xml:312:19-63
activity#com.lalocal.lalocal.activity.MyWalletActivity
ADDED from src\main\AndroidManifest.xml:313:9-63
	android:name
		ADDED from src\main\AndroidManifest.xml:313:19-60
activity#com.lalocal.lalocal.activity.MyDiamondActivity
ADDED from src\main\AndroidManifest.xml:314:9-64
	android:name
		ADDED from src\main\AndroidManifest.xml:314:19-61
activity#com.lalocal.lalocal.activity.MyTravelTicketActivity
ADDED from src\main\AndroidManifest.xml:315:9-69
	android:name
		ADDED from src\main\AndroidManifest.xml:315:19-66
activity#com.lalocal.lalocal.activity.RechargeActivity
ADDED from src\main\AndroidManifest.xml:316:9-63
	android:name
		ADDED from src\main\AndroidManifest.xml:316:19-60
activity#com.lalocal.lalocal.activity.ExchangeActivity
ADDED from src\main\AndroidManifest.xml:317:9-63
	android:name
		ADDED from src\main\AndroidManifest.xml:317:19-60
activity#com.lalocal.lalocal.activity.ChargePayActivity
ADDED from src\main\AndroidManifest.xml:318:9-64
	android:name
		ADDED from src\main\AndroidManifest.xml:318:19-61
activity#com.lalocal.lalocal.activity.LiveSearchActivity
ADDED from src\main\AndroidManifest.xml:319:9-65
	android:name
		ADDED from src\main\AndroidManifest.xml:319:19-62
activity#com.lalocal.lalocal.activity.MyCouponActivity
ADDED from src\main\AndroidManifest.xml:320:9-72
	android:name
		ADDED from src\main\AndroidManifest.xml:320:19-60
activity#com.lalocal.lalocal.activity.ThemeActivity
ADDED from src\main\AndroidManifest.xml:321:9-60
	android:name
		ADDED from src\main\AndroidManifest.xml:321:19-57
uses-sdk
INJECTED from src\main\AndroidManifest.xml reason: use-sdk injection requested
MERGED from [com.android.support:multidex:1.0.1] AndroidManifest.xml:18:5-42
MERGED from [com.google.android.gms:play-services-appindexing:8.1.0] AndroidManifest.xml:18:5-42
MERGED from [com.google.android.gms:play-services-basement:8.1.0] AndroidManifest.xml:18:5-42